  Scanning sources for module dependencies...
  EntryPoint.h
  Compiling...
  EntryPoint.h
C:\Program Files\Microsoft Visual Studio\2022\Preview\VC\Tools\MSVC\14.36.32323\include\chrono(2316,9): warning C4530: C++ exception handler used, but unwind semantics are not enabled. Specify /EHsc
C:\dev\VulkanProject\VoxelEngine\src\core\Application.h(13,22): warning C4251: 'VoxelEngine::Application::_renderer': class 'VoxelEngine::renderer::Renderer' needs to have dll-interface to be used by clients of class 'VoxelEngine::Application'
C:\dev\VulkanProject\VoxelEngine\src\core\renderer\Renderer.h(92,8): message : see declaration of 'VoxelEngine::renderer::Renderer'
C:\dev\VulkanProject\VoxelEngine\src\core\Log.h(10,49): warning C4251: 'VoxelEngine::Log::_coreLogger': class 'std::shared_ptr<spdlog::logger>' needs to have dll-interface to be used by clients of class 'VoxelEngine::Log'
C:\dev\VulkanProject\VoxelEngine\vendor\spdlog\include\spdlog\details\registry.h(34,31): message : see declaration of 'std::shared_ptr<spdlog::logger>'
C:\dev\VulkanProject\VoxelEngine\src\core\Log.h(11,49): warning C4251: 'VoxelEngine::Log::_clientLogger': class 'std::shared_ptr<spdlog::logger>' needs to have dll-interface to be used by clients of class 'VoxelEngine::Log'
C:\dev\VulkanProject\VoxelEngine\vendor\spdlog\include\spdlog\details\registry.h(34,31): message : see declaration of 'std::shared_ptr<spdlog::logger>'
C:\dev\VulkanProject\VoxelEngine\src\core\Log.h(16,3): warning C4091: 'static ': ignored on left of 'VoxelEngine::Log' when no variable is declared
C:\dev\VulkanProject\VoxelEngine\vendor\spdlog\include\spdlog\fmt\bundled\core.h(2909,15): warning C5260: the constant variable 'fmt::v9::detail::invalid_arg_index' has internal linkage in an included header file context, but external linkage in imported header unit context; consider declaring it 'inline' as well if it will be shared across translation units, or 'static' to express intent to use it local to this translation unit
C:\dev\VulkanProject\VoxelEngine\vendor\spdlog\include\spdlog\details\os.h(43,36): warning C5260: the constant variable 'spdlog::details::os::folder_seps' has internal linkage in an included header file context, but external linkage in imported header unit context; consider declaring it 'inline' as well if it will be shared across translation units, or 'static' to express intent to use it local to this translation unit
C:\dev\VulkanProject\VoxelEngine\vendor\spdlog\include\spdlog\fmt\bundled\format-inl.h(240,3): warning C5260: the constant variable 'fmt::v9::detail::dragonbox::div_small_pow10_infos' has internal linkage in an included header file context, but external linkage in imported header unit context; consider declaring it 'inline' as well if it will be shared across translation units, or 'static' to express intent to use it local to this translation unit
C:\dev\VulkanProject\VoxelEngine\vendor\spdlog\include\spdlog\fmt\bundled\core.h(413,58): warning C5260: the constant variable 'fmt::v9::detail::micro' has internal linkage in an included header file context, but external linkage in imported header unit context; consider declaring it 'inline' as well if it will be shared across translation units, or 'static' to express intent to use it local to this translation unit
C:\dev\VulkanProject\VoxelEngine\vendor\spdlog\include\spdlog\fmt\bundled\format.h(639,20): warning C5260: the constant variable 'fmt::v9::detail::invalid_code_point' has internal linkage in an included header file context, but external linkage in imported header unit context; consider declaring it 'inline' as well if it will be shared across translation units, or 'static' to express intent to use it local to this translation unit
C:\dev\VulkanProject\VoxelEngine\vendor\spdlog\include\spdlog\details\os.h(32,37): warning C5260: the constant variable 'spdlog::details::os::default_eol' has internal linkage in an included header file context, but external linkage in imported header unit context; consider declaring it 'inline' as well if it will be shared across translation units, or 'static' to express intent to use it local to this translation unit
C:\dev\VulkanProject\VoxelEngine\vendor\spdlog\include\spdlog\details\os.h(44,54): warning C5260: the constant variable 'spdlog::details::os::folder_seps_filename' has internal linkage in an included header file context, but external linkage in imported header unit context; consider declaring it 'inline' as well if it will be shared across translation units, or 'static' to express intent to use it local to this translation unit
  pch.cpp
C:\Program Files\Microsoft Visual Studio\2022\Preview\VC\Tools\MSVC\14.36.32323\include\chrono(2316,9): warning C4530: C++ exception handler used, but unwind semantics are not enabled. Specify /EHsc
  Log.cpp
  Application.cpp
  Texture.cpp
  Renderer.cpp
  glm.cpp
C:\dev\VulkanProject\VoxelEngine\vendor\glm\detail\type_quat.hpp(48): warning C4201: nonstandard extension used: nameless struct/union (compiling source file vendor\glm\detail\glm.cpp)
C:\dev\VulkanProject\VoxelEngine\vendor\glm\detail\type_quat.hpp(133,3): message : see reference to class template instantiation 'glm::qua<T,Q>' being compiled (compiling source file vendor\glm\detail\glm.cpp)
C:\Program Files\Microsoft Visual Studio\2022\Preview\VC\Tools\MSVC\14.36.32323\include\chrono(2316,9): warning C4530: C++ exception handler used, but unwind semantics are not enabled. Specify /EHsc (compiling source file src\core\Log.cpp)
C:\Program Files\Microsoft Visual Studio\2022\Preview\VC\Tools\MSVC\14.36.32323\include\chrono(2316,9): warning C4530: C++ exception handler used, but unwind semantics are not enabled. Specify /EHsc (compiling source file src\core\renderer\Renderer.cpp)
C:\Program Files\Microsoft Visual Studio\2022\Preview\VC\Tools\MSVC\14.36.32323\include\chrono(2316,9): warning C4530: C++ exception handler used, but unwind semantics are not enabled. Specify /EHsc (compiling source file src\core\Application.cpp)
C:\dev\VulkanProject\VoxelEngine\src\core\Log.h(10,49): warning C4251: 'VoxelEngine::Log::_coreLogger': class 'std::shared_ptr<spdlog::logger>' needs to have dll-interface to be used by clients of class 'VoxelEngine::Log' (compiling source file src\core\Log.cpp)
C:\dev\VulkanProject\VoxelEngine\vendor\spdlog\include\spdlog\details\registry.h(34,31): message : see declaration of 'std::shared_ptr<spdlog::logger>' (compiling source file src\core\Log.cpp)
C:\dev\VulkanProject\VoxelEngine\src\core\Log.h(11,49): warning C4251: 'VoxelEngine::Log::_clientLogger': class 'std::shared_ptr<spdlog::logger>' needs to have dll-interface to be used by clients of class 'VoxelEngine::Log' (compiling source file src\core\Log.cpp)
C:\dev\VulkanProject\VoxelEngine\vendor\spdlog\include\spdlog\details\registry.h(34,31): message : see declaration of 'std::shared_ptr<spdlog::logger>' (compiling source file src\core\Log.cpp)
C:\dev\VulkanProject\VoxelEngine\src\core\Log.h(16,3): warning C4091: 'static ': ignored on left of 'VoxelEngine::Log' when no variable is declared (compiling source file src\core\Log.cpp)
C:\dev\VulkanProject\VoxelEngine\src\core\renderer\Renderer.cpp(18,9): warning C4100: 'pUserData': unreferenced formal parameter
C:\dev\VulkanProject\VoxelEngine\src\core\renderer\Renderer.cpp(16,35): warning C4100: 'messageType': unreferenced formal parameter
C:\dev\VulkanProject\VoxelEngine\src\core\renderer\Renderer.cpp(15,42): warning C4100: 'messageSeverity': unreferenced formal parameter
C:\dev\VulkanProject\VoxelEngine\src\core\renderer\Renderer.cpp(135,22): warning C4459: declaration of 'indices' hides global declaration
C:\dev\VulkanProject\VoxelEngine\src\core\renderer\Renderer.h(86,30): message : see declaration of 'VoxelEngine::renderer::indices' (compiling source file src\core\renderer\Renderer.cpp)
C:\dev\VulkanProject\VoxelEngine\src\core\renderer\Renderer.cpp(388,22): warning C4459: declaration of 'indices' hides global declaration
C:\dev\VulkanProject\VoxelEngine\src\core\renderer\Renderer.h(86,30): message : see declaration of 'VoxelEngine::renderer::indices' (compiling source file src\core\renderer\Renderer.cpp)
C:\dev\VulkanProject\VoxelEngine\src\core\renderer\Renderer.cpp(458,22): warning C4459: declaration of 'indices' hides global declaration
C:\dev\VulkanProject\VoxelEngine\src\core\renderer\Renderer.h(86,30): message : see declaration of 'VoxelEngine::renderer::indices' (compiling source file src\core\renderer\Renderer.cpp)
C:\dev\VulkanProject\VoxelEngine\src\core\renderer\Renderer.cpp(1102,83): warning C4100: 'format': unreferenced formal parameter
C:\dev\VulkanProject\VoxelEngine\src\core\Application.h(13,22): warning C4251: 'VoxelEngine::Application::_renderer': class 'VoxelEngine::renderer::Renderer' needs to have dll-interface to be used by clients of class 'VoxelEngine::Application' (compiling source file src\core\Application.cpp)
C:\dev\VulkanProject\VoxelEngine\src\core\renderer\Renderer.h(92,8): message : see declaration of 'VoxelEngine::renderer::Renderer' (compiling source file src\core\Application.cpp)
C:\dev\VulkanProject\VoxelEngine\src\core\Application.cpp(51,48): warning C4100: 'e': unreferenced formal parameter
C:\dev\VulkanProject\VoxelEngine\src\core\Application.cpp(54,66): warning C4100: 'e': unreferenced formal parameter
C:\dev\VulkanProject\VoxelEngine\src\core\Application.cpp(58,68): warning C4100: 'e': unreferenced formal parameter
C:\dev\VulkanProject\VoxelEngine\src\core\renderer\Renderer.cpp(50): warning C4702: unreachable code
C:\dev\VulkanProject\VoxelEngine\src\core\renderer\Renderer.cpp(61): warning C4715: 'VoxelEngine::renderer::Renderer::checkValidationLayerSupport': not all control paths return a value
C:\dev\VulkanProject\VoxelEngine\src\core\renderer\Renderer.cpp(208): warning C4172: returning address of local variable or temporary
C:\dev\VulkanProject\VoxelEngine\src\core\renderer\Renderer.cpp(262): warning C4172: returning address of local variable or temporary
     Creating library ..\bin\Debug-x64\VoxelEngine\VoxelEngine.lib and object ..\bin\Debug-x64\VoxelEngine\VoxelEngine.exp
LINK : warning LNK4098: defaultlib 'LIBCMT' conflicts with use of other libs; use /NODEFAULTLIB:library
EntryPoint.h.obj : error LNK2019: unresolved external symbol "class std::unique_ptr<class VoxelEngine::Application,struct std::default_delete<class VoxelEngine::Application> > __cdecl CreateApplication(int,char * *)" (?CreateApplication@@YA?AV?$unique_ptr@VApplication@VoxelEngine@@U?$default_delete@VApplication@VoxelEngine@@@std@@@std@@HPEAPEAD@Z) referenced in function main
..\bin\Debug-x64\VoxelEngine\VoxelEngine.dll : fatal error LNK1120: 1 unresolved externals
