c:\dev\vulkanproject\bin-int\debug-x64\voxelengine\voxelengine.pch
c:\dev\vulkanproject\bin-int\debug-x64\voxelengine\vc143.pdb
c:\dev\vulkanproject\bin-int\debug-x64\voxelengine\vc143.idb
c:\dev\vulkanproject\bin-int\debug-x64\voxelengine\pch.obj
c:\dev\vulkanproject\bin-int\debug-x64\voxelengine\entrypoint.h.ifc
c:\dev\vulkanproject\bin-int\debug-x64\voxelengine\entrypoint.h.ifc.d.json
c:\dev\vulkanproject\bin-int\debug-x64\voxelengine\entrypoint.h.obj
c:\dev\vulkanproject\bin-int\debug-x64\voxelengine\texture.obj
c:\dev\vulkanproject\bin-int\debug-x64\voxelengine\renderer.obj
c:\dev\vulkanproject\bin-int\debug-x64\voxelengine\log.obj
c:\dev\vulkanproject\bin-int\debug-x64\voxelengine\application.obj
c:\dev\vulkanproject\bin-int\debug-x64\voxelengine\glm.obj
c:\dev\vulkanproject\bin\debug-x64\voxelengine\voxelengine.lib
c:\dev\vulkanproject\bin\debug-x64\voxelengine\voxelengine.exp
c:\dev\vulkanproject\bin\debug-x64\voxelengine\voxelengine.dll
c:\dev\vulkanproject\bin-int\debug-x64\voxelengine\voxelengine.ilk
c:\dev\vulkanproject\bin-int\debug-x64\voxelengine\entrypoint.h.module.json
c:\dev\vulkanproject\bin-int\debug-x64\voxelengine\voxelengine.tlog\cl.command.1.tlog
c:\dev\vulkanproject\bin-int\debug-x64\voxelengine\voxelengine.tlog\cl.read.1.tlog
c:\dev\vulkanproject\bin-int\debug-x64\voxelengine\voxelengine.tlog\cl.write.1.tlog
c:\dev\vulkanproject\bin-int\debug-x64\voxelengine\voxelengine.tlog\link.command.1.tlog
c:\dev\vulkanproject\bin-int\debug-x64\voxelengine\voxelengine.tlog\link.read.1.tlog
c:\dev\vulkanproject\bin-int\debug-x64\voxelengine\voxelengine.tlog\link.write.1.tlog
c:\dev\vulkanproject\bin-int\debug-x64\voxelengine\voxelengine.tlog\link.write.2u.tlog
c:\dev\vulkanproject\bin-int\debug-x64\voxelengine\voxelengine_md.tlog\cl.command.1.tlog
c:\dev\vulkanproject\bin-int\debug-x64\voxelengine\voxelengine_md.tlog\microsoft.build.cpptasks.cl.read.1.tlog
c:\dev\vulkanproject\bin-int\debug-x64\voxelengine\voxelengine_md.tlog\microsoft.build.cpptasks.cl.write.1.tlog
